<?xml version="1.0" encoding="UTF-8" ?>
<testsuite tests="4" failures="0" name="com.basic.postWithDataTableSD.RunMyPostWithDataTableTest" time="0" errors="2" skipped="2">
  <properties>
[...]
</properties>
  <testcase classname="Scenario: Test my POST request test" name="Given user hit the post request with &quot;Tom&quot; name" time="0">
    <error message="D:\IBM\workspace\CucuRestAssured\src\test\java\com\basic\postFromTextFileSD\user.json" type="java.nio.file.NoSuchFileException">java.nio.file.NoSuchFileException: D:\IBM\workspace\CucuRestAssured\src\test\java\com\basic\postFromTextFileSD\user.json
	at sun.nio.fs.WindowsException.translateToIOException(Unknown Source)
	at sun.nio.fs.WindowsException.rethrowAsIOException(Unknown Source)
	at sun.nio.fs.WindowsException.rethrowAsIOException(Unknown Source)
	at sun.nio.fs.WindowsFileSystemProvider.newByteChannel(Unknown Source)
	at java.nio.file.Files.newByteChannel(Unknown Source)
	at java.nio.file.Files.newByteChannel(Unknown Source)
	at java.nio.file.Files.readAllBytes(Unknown Source)
	at com.basic.postWithDataTableSD.MyPostWithDataTable.user_hit_the_post_request_with_json_data(MyPostWithDataTable.java:35)
	at ✽.Given user hit the post request with &quot;Tom&quot; name(PostWithDataTable.feature:5)
</error>
    <system-out>
  Scenario: Test my POST request test                # PostUpdatedJson.feature:4
    Given user hit the post request with &quot;Anil&quot; name # MyPostFromTextFile.user_hit_the_post_request_with_json_data(String)
      java.nio.file.NoSuchFileException: C:\Users\admin\gitCucuRestAssured\CucuRestAssured\src\test\java\com\basic\postFromTextFileSD\user.json
      	at sun.nio.fs.WindowsException.translateToIOException(Unknown Source)
      	at sun.nio.fs.WindowsException.rethrowAsIOException(Unknown Source)
      	at sun.nio.fs.WindowsException.rethrowAsIOException(Unknown Source)
      	at sun.nio.fs.WindowsFileSystemProvider.newByteChannel(Unknown Source)
      	at java.nio.file.Files.newByteChannel(Unknown Source)
      	at java.nio.file.Files.newByteChannel(Unknown Source)
      	at java.nio.file.Files.readAllBytes(Unknown Source)
      	at com.basic.postUpdatedJsonSD.MyPostFromTextFile.user_hit_the_post_request_with_json_data(MyPostFromTextFile.java:32)
      	at ?.Given user hit the post request with &quot;Anil&quot; name(PostUpdatedJson.feature:5)

    Then user validate the id is not null            # MyPostFromTextFile.user_validate_the_id_is_not_null()

Failed scenarios:
PostUpdatedJson.feature:4 # Scenario: Test my POST request test

1 Scenarios (1 failed)
2 Steps (1 failed, 1 skipped)
0m0.004s

java.nio.file.NoSuchFileException: C:\Users\admin\gitCucuRestAssured\CucuRestAssured\src\test\java\com\basic\postFromTextFileSD\user.json
	at sun.nio.fs.WindowsException.translateToIOException(Unknown Source)
	at sun.nio.fs.WindowsException.rethrowAsIOException(Unknown Source)
	at sun.nio.fs.WindowsException.rethrowAsIOException(Unknown Source)
	at sun.nio.fs.WindowsFileSystemProvider.newByteChannel(Unknown Source)
	at java.nio.file.Files.newByteChannel(Unknown Source)
	at java.nio.file.Files.newByteChannel(Unknown Source)
	at java.nio.file.Files.readAllBytes(Unknown Source)
	at com.basic.postUpdatedJsonSD.MyPostFromTextFile.user_hit_the_post_request_with_json_data(MyPostFromTextFile.java:32)
	at ?.Given user hit the post request with &quot;Anil&quot; name(PostUpdatedJson.feature:5)

Feature: First Rest Assured test POST
</system-out>
  </testcase>
  <testcase classname="Scenario: Test my POST request test" name="Scenario: Test my POST request test" time="0">
    <error message="D:\IBM\workspace\CucuRestAssured\src\test\java\com\basic\postFromTextFileSD\user.json" type="java.nio.file.NoSuchFileException">java.nio.file.NoSuchFileException: D:\IBM\workspace\CucuRestAssured\src\test\java\com\basic\postFromTextFileSD\user.json
	at sun.nio.fs.WindowsException.translateToIOException(Unknown Source)
	at sun.nio.fs.WindowsException.rethrowAsIOException(Unknown Source)
	at sun.nio.fs.WindowsException.rethrowAsIOException(Unknown Source)
	at sun.nio.fs.WindowsFileSystemProvider.newByteChannel(Unknown Source)
	at java.nio.file.Files.newByteChannel(Unknown Source)
	at java.nio.file.Files.newByteChannel(Unknown Source)
	at java.nio.file.Files.readAllBytes(Unknown Source)
	at com.basic.postWithDataTableSD.MyPostWithDataTable.user_hit_the_post_request_with_json_data(MyPostWithDataTable.java:35)
	at ✽.Given user hit the post request with &quot;Tom&quot; name(PostWithDataTable.feature:5)
</error>
  </testcase>
  <testcase classname="Scenario: Test my POST request test" name="Then user validate followind data" time="0">
    <skipped/>
  </testcase>
  <testcase classname="Scenario: Test my POST request test" name="Then I will validate other parameter" time="0">
    <skipped/>
  </testcase>
</testsuite>